This is pdfTeX, Version 3.14159265-2.6-1.40.21 (MiKTeX 21.1) (preloaded format=pdflatex 2021.3.17)  19 MAR 2021 12:19
entering extended mode
**./main.tex
(main.tex
LaTeX2e <2020-10-01> patch level 4
L3 programming layer <2021-02-18> xparse <2020-03-03>
(/home/liam/.miktex/texmfs/install/tex/latex/base/article.cls
Document Class: article 2020/04/10 v1.4m Standard LaTeX document class
(/home/liam/.miktex/texmfs/install/tex/latex/base/size10.clo
File: size10.clo 2020/04/10 v1.4m Standard LaTeX file (size option)
)
\c@part=\count179
\c@section=\count180
\c@subsection=\count181
\c@subsubsection=\count182
\c@paragraph=\count183
\c@subparagraph=\count184
\c@figure=\count185
\c@table=\count186
\abovecaptionskip=\skip47
\belowcaptionskip=\skip48
\bibindent=\dimen138
)
(etc/packages.sty
(/home/liam/.miktex/texmfs/install/tex/latex/base/inputenc.sty
Package: inputenc 2020/08/01 v1.3d Input encoding file
\inpenc@prehook=\toks15
\inpenc@posthook=\toks16
)
(/home/liam/.miktex/texmfs/install/tex/latex/parskip/parskip.sty
Package: parskip 2021-03-02 v2.0g non-zero parskip adjustments

(/home/liam/.miktex/texmfs/install/tex/latex/kvoptions/kvoptions.sty
Package: kvoptions 2020-10-07 v3.14 Key value format for package options (HO)

(/home/liam/.miktex/texmfs/install/tex/latex/graphics/keyval.sty
Package: keyval 2014/10/28 v1.15 key=value parser (DPC)
\KV@toks@=\toks17
)
(/home/liam/.miktex/texmfs/install/tex/generic/ltxcmds/ltxcmds.sty
Package: ltxcmds 2020-05-10 v1.25 LaTeX kernel commands for general use (HO)
)
(/home/liam/.miktex/texmfs/install/tex/generic/kvsetkeys/kvsetkeys.sty
Package: kvsetkeys 2019/12/15 v1.18 Key value parser (HO)
))
(/home/liam/.miktex/texmfs/install/tex/latex/etoolbox/etoolbox.sty
Package: etoolbox 2020/10/05 v2.5k e-TeX tools for LaTeX (JAW)
\etb@tempcnta=\count187
))
(/home/liam/.miktex/texmfs/install/tex/latex/refcount/refcount.sty
Package: refcount 2019/12/15 v3.6 Data extraction from label references (HO)

(/home/liam/.miktex/texmfs/install/tex/generic/infwarerr/infwarerr.sty
Package: infwarerr 2019/12/03 v1.5 Providing info/warning/error messages (HO)
))
(/home/liam/.miktex/texmfs/install/tex/latex/latex-tools/multicol.sty
Package: multicol 2019/12/09 v1.8y multicolumn formatting (FMi)
\c@tracingmulticols=\count188
\mult@box=\box47
\multicol@leftmargin=\dimen139
\c@unbalance=\count189
\c@collectmore=\count190
\doublecol@number=\count191
\multicoltolerance=\count192
\multicolpretolerance=\count193
\full@width=\dimen140
\page@free=\dimen141
\premulticols=\dimen142
\postmulticols=\dimen143
\multicolsep=\skip49
\multicolbaselineskip=\skip50
\partial@page=\box48
\last@line=\box49
\maxbalancingoverflow=\dimen144
\mult@rightbox=\box50
\mult@grightbox=\box51
\mult@gfirstbox=\box52
\mult@firstbox=\box53
\@tempa=\box54
\@tempa=\box55
\@tempa=\box56
\@tempa=\box57
\@tempa=\box58
\@tempa=\box59
\@tempa=\box60
\@tempa=\box61
\@tempa=\box62
\@tempa=\box63
\@tempa=\box64
\@tempa=\box65
\@tempa=\box66
\@tempa=\box67
\@tempa=\box68
\@tempa=\box69
\@tempa=\box70
\@tempa=\box71
\@tempa=\box72
\@tempa=\box73
\@tempa=\box74
\@tempa=\box75
\@tempa=\box76
\@tempa=\box77
\@tempa=\box78
\@tempa=\box79
\@tempa=\box80
\@tempa=\box81
\@tempa=\box82
\@tempa=\box83
\@tempa=\box84
\@tempa=\box85
\@tempa=\box86
\@tempa=\box87
\@tempa=\box88
\@tempa=\box89
\@tempa=\box90
\c@minrows=\count194
\c@columnbadness=\count195
\c@finalcolumnbadness=\count196
\last@try=\dimen145
\multicolovershoot=\dimen146
\multicolundershoot=\dimen147
\mult@nat@firstbox=\box91
\colbreak@box=\box92
\mc@col@check@num=\count197
)
(/home/liam/.miktex/texmfs/install/tex/latex/setspace/setspace.sty
Package: setspace 2011/12/19 v6.7a set line spacing
)
(/home/liam/.miktex/texmfs/install/tex/latex/graphics/graphicx.sty
Package: graphicx 2020/09/09 v1.2b Enhanced LaTeX Graphics (DPC,SPQR)

(/home/liam/.miktex/texmfs/install/tex/latex/graphics/graphics.sty
Package: graphics 2020/08/30 v1.4c Standard LaTeX Graphics (DPC,SPQR)

(/home/liam/.miktex/texmfs/install/tex/latex/graphics/trig.sty
Package: trig 2016/01/03 v1.10 sin cos tan (DPC)
)
(/home/liam/.miktex/texmfs/install/tex/latex/graphics-cfg/graphics.cfg
File: graphics.cfg 2016/06/04 v1.11 sample graphics configuration
)
Package graphics Info: Driver file: pdftex.def on input line 105.

(/home/liam/.miktex/texmfs/install/tex/latex/graphics-def/pdftex.def
File: pdftex.def 2020/10/05 v1.2a Graphics/color driver for pdftex
))
\Gin@req@height=\dimen148
\Gin@req@width=\dimen149
)
(/home/liam/.miktex/texmfs/install/tex/latex/base/textcomp.sty
Package: textcomp 2020/02/02 v2.0n Standard LaTeX package
)
(/home/liam/.miktex/texmfs/install/tex/latex/float/float.sty
Package: float 2001/11/08 v1.3d Float enhancements (AL)
\c@float@type=\count198
\float@exts=\toks18
\float@box=\box93
\@float@everytoks=\toks19
\@floatcapt=\box94
)
(/home/liam/.miktex/texmfs/install/tex/latex/geometry/geometry.sty
Package: geometry 2020/01/02 v5.9 Page Geometry

(/home/liam/.miktex/texmfs/install/tex/generic/iftex/ifvtex.sty
Package: ifvtex 2019/10/25 v1.7 ifvtex legacy package. Use iftex instead.

(/home/liam/.miktex/texmfs/install/tex/generic/iftex/iftex.sty
Package: iftex 2020/03/06 v1.0d TeX engine tests
))
\Gm@cnth=\count199
\Gm@cntv=\count266
\c@Gm@tempcnt=\count267
\Gm@bindingoffset=\dimen150
\Gm@wd@mp=\dimen151
\Gm@odd@mp=\dimen152
\Gm@even@mp=\dimen153
\Gm@layoutwidth=\dimen154
\Gm@layoutheight=\dimen155
\Gm@layouthoffset=\dimen156
\Gm@layoutvoffset=\dimen157
\Gm@dimlist=\toks20

(/home/liam/.miktex/texmfs/install/tex/latex/geometry/geometry.cfg)

Package geometry Warning: Over-specification in `h'-direction.
    `width' (426.79134pt) is ignored.

) (/home/liam/.miktex/texmfs/install/tex/latex/fancyhdr/fancyhdr.sty
Package: fancyhdr 2021/01/28 v4.0.1 Extensive control of page headers and foote
rs
\f@nch@headwidth=\skip51
\f@nch@O@elh=\skip52
\f@nch@O@erh=\skip53
\f@nch@O@olh=\skip54
\f@nch@O@orh=\skip55
\f@nch@O@elf=\skip56
\f@nch@O@erf=\skip57
\f@nch@O@olf=\skip58
\f@nch@O@orf=\skip59
)
(/home/liam/.miktex/texmfs/install/tex/latex/acronym/acronym.sty
Package: acronym 2020/04/17 v1.47 Support for acronyms (Tobias Oetiker)

(/home/liam/.miktex/texmfs/install/tex/latex/bigfoot/suffix.sty
Package: suffix 2006/07/15 1.5a Variant command support
)
(/home/liam/.miktex/texmfs/install/tex/latex/xstring/xstring.sty
(/home/liam/.miktex/texmfs/install/tex/generic/xstring/xstring.tex
\integerpart=\count268
\decimalpart=\count269
)
Package: xstring 2019/02/06 v1.83 String manipulations (CT)
)
\AC@clearlist=\toks21
)
(/home/liam/.miktex/texmfs/install/tex/latex/biblatex/biblatex.sty
Package: biblatex 2020/12/31 v3.16 programmable bibliographies (PK/MW)

(/home/liam/.miktex/texmfs/install/tex/generic/pdftexcmds/pdftexcmds.sty
Package: pdftexcmds 2020-06-27 v0.33 Utility functions of pdfTeX for LuaTeX (HO
)
Package pdftexcmds Info: \pdf@primitive is available.
Package pdftexcmds Info: \pdf@ifprimitive is available.
Package pdftexcmds Info: \pdfdraftmode found.
)
(/home/liam/.miktex/texmfs/install/tex/latex/logreq/logreq.sty
Package: logreq 2010/08/04 v1.0 xml request logger
\lrq@indent=\count270

(/home/liam/.miktex/texmfs/install/tex/latex/logreq/logreq.def
File: logreq.def 2010/08/04 v1.0 logreq spec v1.0
))
(/home/liam/.miktex/texmfs/install/tex/latex/base/ifthen.sty
Package: ifthen 2014/09/29 v1.1c Standard LaTeX ifthen package (DPC)
)
(/home/liam/.miktex/texmfs/install/tex/latex/url/url.sty
\Urlmuskip=\muskip16
Package: url 2013/09/16  ver 3.4  Verb mode for urls, etc.
)
\c@tabx@nest=\count271
\c@listtotal=\count272
\c@listcount=\count273
\c@liststart=\count274
\c@liststop=\count275
\c@citecount=\count276
\c@citetotal=\count277
\c@multicitecount=\count278
\c@multicitetotal=\count279
\c@instcount=\count280
\c@maxnames=\count281
\c@minnames=\count282
\c@maxitems=\count283
\c@minitems=\count284
\c@citecounter=\count285
\c@maxcitecounter=\count286
\c@savedcitecounter=\count287
\c@uniquelist=\count288
\c@uniquename=\count289
\c@refsection=\count290
\c@refsegment=\count291
\c@maxextratitle=\count292
\c@maxextratitleyear=\count293
\c@maxextraname=\count294
\c@maxextradate=\count295
\c@maxextraalpha=\count296
\c@abbrvpenalty=\count297
\c@highnamepenalty=\count298
\c@lownamepenalty=\count299
\c@maxparens=\count300
\c@parenlevel=\count301
\blx@tempcnta=\count302
\blx@tempcntb=\count303
\blx@tempcntc=\count304
\blx@maxsection=\count305
\blx@maxsegment@0=\count306
\blx@notetype=\count307
\blx@parenlevel@text=\count308
\blx@parenlevel@foot=\count309
\blx@sectionciteorder@0=\count310
\blx@entrysetcounter=\count311
\blx@biblioinstance=\count312
\labelnumberwidth=\skip60
\labelalphawidth=\skip61
\biblabelsep=\skip62
\bibitemsep=\skip63
\bibnamesep=\skip64
\bibinitsep=\skip65
\bibparsep=\skip66
\bibhang=\skip67
\blx@bcfin=\read2
\blx@bcfout=\write3
\blx@langwohyphens=\language1
\c@mincomprange=\count313
\c@maxcomprange=\count314
\c@mincompwidth=\count315
Package biblatex Info: Trying to load biblatex default data model...
Package biblatex Info: ... file 'blx-dm.def' found.

(/home/liam/.miktex/texmfs/install/tex/latex/biblatex/blx-dm.def
File: blx-dm.def 2020/12/31 v3.16 biblatex localization (PK/MW)
)
Package biblatex Info: Trying to load biblatex style data model...
Package biblatex Info: ... file 'ieee.dbx' not found.
Package biblatex Info: Trying to load biblatex custom data model...
Package biblatex Info: ... file 'biblatex-dm.cfg' not found.
\c@afterword=\count316
\c@savedafterword=\count317
\c@annotator=\count318
\c@savedannotator=\count319
\c@author=\count320
\c@savedauthor=\count321
\c@bookauthor=\count322
\c@savedbookauthor=\count323
\c@commentator=\count324
\c@savedcommentator=\count325
\c@editor=\count326
\c@savededitor=\count327
\c@editora=\count328
\c@savededitora=\count329
\c@editorb=\count330
\c@savededitorb=\count331
\c@editorc=\count332
\c@savededitorc=\count333
\c@foreword=\count334
\c@savedforeword=\count335
\c@holder=\count336
\c@savedholder=\count337
\c@introduction=\count338
\c@savedintroduction=\count339
\c@namea=\count340
\c@savednamea=\count341
\c@nameb=\count342
\c@savednameb=\count343
\c@namec=\count344
\c@savednamec=\count345
\c@translator=\count346
\c@savedtranslator=\count347
\c@shortauthor=\count348
\c@savedshortauthor=\count349
\c@shorteditor=\count350
\c@savedshorteditor=\count351
\c@labelname=\count352
\c@savedlabelname=\count353
\c@institution=\count354
\c@savedinstitution=\count355
\c@lista=\count356
\c@savedlista=\count357
\c@listb=\count358
\c@savedlistb=\count359
\c@listc=\count360
\c@savedlistc=\count361
\c@listd=\count362
\c@savedlistd=\count363
\c@liste=\count364
\c@savedliste=\count365
\c@listf=\count366
\c@savedlistf=\count367
\c@location=\count368
\c@savedlocation=\count369
\c@organization=\count370
\c@savedorganization=\count371
\c@origlocation=\count372
\c@savedoriglocation=\count373
\c@origpublisher=\count374
\c@savedorigpublisher=\count375
\c@publisher=\count376
\c@savedpublisher=\count377
\c@language=\count378
\c@savedlanguage=\count379
\c@origlanguage=\count380
\c@savedoriglanguage=\count381
\c@pageref=\count382
\c@savedpageref=\count383
\shorthandwidth=\skip68
\shortjournalwidth=\skip69
\shortserieswidth=\skip70
\shorttitlewidth=\skip71
\shortauthorwidth=\skip72
\shorteditorwidth=\skip73
\locallabelnumberwidth=\skip74
\locallabelalphawidth=\skip75
\localshorthandwidth=\skip76
\localshortjournalwidth=\skip77
\localshortserieswidth=\skip78
\localshorttitlewidth=\skip79
\localshortauthorwidth=\skip80
\localshorteditorwidth=\skip81
Package biblatex Info: Trying to load compatibility code...
Package biblatex Info: ... file 'blx-compat.def' found.

(/home/liam/.miktex/texmfs/install/tex/latex/biblatex/blx-compat.def
File: blx-compat.def 2020/12/31 v3.16 biblatex compatibility (PK/MW)
)
Package biblatex Info: Trying to load generic definitions...
Package biblatex Info: ... file 'biblatex.def' found.

(/home/liam/.miktex/texmfs/install/tex/latex/biblatex/biblatex.def
File: biblatex.def 2020/12/31 v3.16 biblatex compatibility (PK/MW)
\c@textcitecount=\count384
\c@textcitetotal=\count385
\c@textcitemaxnames=\count386
\c@biburlbigbreakpenalty=\count387
\c@biburlbreakpenalty=\count388
\c@biburlnumpenalty=\count389
\c@biburlucpenalty=\count390
\c@biburllcpenalty=\count391
\biburlbigskip=\muskip17
\biburlnumskip=\muskip18
\biburlucskip=\muskip19
\biburllcskip=\muskip20
\c@smartand=\count392
)
Package biblatex Info: Trying to load bibliography style 'ieee'...
Package biblatex Info: ... file 'ieee.bbx' found.

(/home/liam/.miktex/texmfs/install/tex/latex/biblatex-ieee/ieee.bbx
File: ieee.bbx 2020/12/29 v1.3d biblatex bibliography style
Package biblatex Info: Trying to load bibliography style 'numeric-comp'...
Package biblatex Info: ... file 'numeric-comp.bbx' found.

(/home/liam/.miktex/texmfs/install/tex/latex/biblatex/bbx/numeric-comp.bbx
File: numeric-comp.bbx 2020/12/31 v3.16 biblatex bibliography style (PK/MW)
Package biblatex Info: Trying to load bibliography style 'numeric'...
Package biblatex Info: ... file 'numeric.bbx' found.

(/home/liam/.miktex/texmfs/install/tex/latex/biblatex/bbx/numeric.bbx
File: numeric.bbx 2020/12/31 v3.16 biblatex bibliography style (PK/MW)
Package biblatex Info: Trying to load bibliography style 'standard'...
Package biblatex Info: ... file 'standard.bbx' found.

(/home/liam/.miktex/texmfs/install/tex/latex/biblatex/bbx/standard.bbx
File: standard.bbx 2020/12/31 v3.16 biblatex bibliography style (PK/MW)
\c@bbx:relatedcount=\count393
\c@bbx:relatedtotal=\count394
))))
Package biblatex Info: Trying to load citation style 'ieee'...
Package biblatex Info: ... file 'ieee.cbx' found.

(/home/liam/.miktex/texmfs/install/tex/latex/biblatex-ieee/ieee.cbx
File: ieee.cbx 2020/12/29 v1.3d biblatex citation style
Package biblatex Info: Trying to load citation style 'numeric-comp'...
Package biblatex Info: ... file 'numeric-comp.cbx' found.

(/home/liam/.miktex/texmfs/install/tex/latex/biblatex/cbx/numeric-comp.cbx
File: numeric-comp.cbx 2020/12/31 v3.16 biblatex citation style (PK/MW)
\c@cbx@tempcnta=\count395
\c@cbx@tempcntb=\count396
\c@cbx@tempcntc=\count397
\c@cbx@tempcntd=\count398
Package biblatex Info: Redefining '\cite'.
Package biblatex Info: Redefining '\parencite'.
Package biblatex Info: Redefining '\footcite'.
Package biblatex Info: Redefining '\footcitetext'.
Package biblatex Info: Redefining '\smartcite'.
Package biblatex Info: Redefining '\supercite'.
Package biblatex Info: Redefining '\textcite'.
Package biblatex Info: Redefining '\textcites'.
Package biblatex Info: Redefining '\cites'.
Package biblatex Info: Redefining '\parencites'.
Package biblatex Info: Redefining '\smartcites'.
)
Package biblatex Info: Redefining '\cite'.
Package biblatex Info: Redefining '\cites'.
)
Package biblatex Info: Trying to load configuration file...
Package biblatex Info: ... file 'biblatex.cfg' found.

(/home/liam/.miktex/texmfs/install/tex/latex/biblatex/biblatex.cfg
File: biblatex.cfg 
))
(/home/liam/.miktex/texmfs/install/tex/latex/dirtree/dirtree.sty
Package: dirtree 2012/12/11 v0.32 package wrapper for dirtree

(/home/liam/.miktex/texmfs/install/tex/generic/dirtree/dirtree.tex
`dirtree' v0.32, 2012/12/11 (jcc)
\DT@offset=\dimen158
\DT@width=\dimen159
\DT@sep=\dimen160
\DT@all=\dimen161
\DT@rulewidth=\dimen162
\DT@dotwidth=\dimen163
\DTbaselineskip=\dimen164
\DT@counti=\count399
\DT@countii=\count400
\DT@countiii=\count401
\DT@countiv=\count402
\DT@indent=\dimen165
\DT@parskip=\dimen166
\DT@baselineskip=\dimen167
)
File: dirtree.tex 2012/12/11 v0.32 `dirtree' (jcc)
)
(/home/liam/.miktex/texmfs/install/tex/latex/csvsimple/csvsimple.sty
Package: csvsimple 2019/04/09 version 1.21 LaTeX CSV file processing

(/home/liam/.miktex/texmfs/install/tex/latex/pgf/utilities/pgfrcs.sty
(/home/liam/.miktex/texmfs/install/tex/generic/pgf/utilities/pgfutil-common.tex
\pgfutil@everybye=\toks22
\pgfutil@tempdima=\dimen168
\pgfutil@tempdimb=\dimen169

(/home/liam/.miktex/texmfs/install/tex/generic/pgf/utilities/pgfutil-common-lis
ts.tex))
(/home/liam/.miktex/texmfs/install/tex/generic/pgf/utilities/pgfutil-latex.def
\pgfutil@abb=\box95
) (/home/liam/.miktex/texmfs/install/tex/generic/pgf/utilities/pgfrcs.code.tex
(/home/liam/.miktex/texmfs/install/tex/generic/pgf/pgf.revision.tex)
Package: pgfrcs 2020/12/27 v3.1.8b (3.1.8b)
))
(/home/liam/.miktex/texmfs/install/tex/latex/pgf/utilities/pgfkeys.sty
(/home/liam/.miktex/texmfs/install/tex/generic/pgf/utilities/pgfkeys.code.tex
\pgfkeys@pathtoks=\toks23
\pgfkeys@temptoks=\toks24

(/home/liam/.miktex/texmfs/install/tex/generic/pgf/utilities/pgfkeysfiltered.co
de.tex
\pgfkeys@tmptoks=\toks25
))) (/home/liam/.miktex/texmfs/install/tex/latex/latex-tools/shellesc.sty
Package: shellesc 2019/11/08 v1.0c unified shell escape interface for LaTeX
Package shellesc Info: Restricted shell escape enabled on input line 77.
)
\csv@file=\read3
\c@csvinputline=\count403
\c@csvrow=\count404
\c@csvcol=\count405
\csv@out=\write4
) (/home/liam/.miktex/texmfs/install/tex/latex/titlesec/titlesec.sty
Package: titlesec 2019/10/16 v2.13 Sectioning titles
\ttl@box=\box96
\beforetitleunit=\skip82
\aftertitleunit=\skip83
\ttl@plus=\dimen170
\ttl@minus=\dimen171
\ttl@toksa=\toks26
\titlewidth=\dimen172
\titlewidthlast=\dimen173
\titlewidthfirst=\dimen174
)
(/home/liam/.miktex/texmfs/install/tex/latex/latex-tools/verbatim.sty
Package: verbatim 2020-07-07 v1.5u LaTeX2e package for verbatim enhancements
\every@verbatim=\toks27
\verbatim@line=\toks28
\verbatim@in@stream=\read4
)
(/home/liam/.miktex/texmfs/install/tex/latex/l3packages/xparse/xparse.sty
(/home/liam/.miktex/texmfs/install/tex/latex/l3kernel/expl3.sty
Package: expl3 2021-02-18 L3 programming layer (loader) 

(/home/liam/.miktex/texmfs/install/tex/latex/l3backend/l3backend-pdftex.def
File: l3backend-pdftex.def 2021-03-02 L3 backend support: PDF output (pdfTeX)
\l__color_backend_stack_int=\count406
\l__pdf_internal_box=\box97
))
Package: xparse 2020-10-27 L3 Experimental document command parser

(/home/liam/.miktex/texmfs/install/tex/latex/l3packages/xparse/xparse-generic.t
ex)) (/home/liam/.miktex/texmfs/install/tex/latex/todonotes/todonotes.sty
Package: todonotes 2020/08/18 v1.1.3 Todonotes source and documentation.
Package: todonotes 2018/11/22

(/home/liam/.miktex/texmfs/install/tex/latex/xkeyval/xkeyval.sty
Package: xkeyval 2020/11/20 v2.8 package option processing (HA)

(/home/liam/.miktex/texmfs/install/tex/generic/xkeyval/xkeyval.tex
(/home/liam/.miktex/texmfs/install/tex/generic/xkeyval/xkvutils.tex
\XKV@toks=\toks29
\XKV@tempa@toks=\toks30
)
\XKV@depth=\count407
File: xkeyval.tex 2014/12/03 v2.7a key=value parser (HA)
))
(/home/liam/.miktex/texmfs/install/tex/latex/xcolor/xcolor.sty
Package: xcolor 2016/05/11 v2.12 LaTeX color extensions (UK)

(/home/liam/.miktex/texmfs/install/tex/latex/graphics-cfg/color.cfg
File: color.cfg 2016/01/02 v1.6 sample color configuration
)
Package xcolor Info: Driver file: pdftex.def on input line 225.
Package xcolor Info: Model `cmy' substituted by `cmy0' on input line 1348.
Package xcolor Info: Model `hsb' substituted by `rgb' on input line 1352.
Package xcolor Info: Model `RGB' extended on input line 1364.
Package xcolor Info: Model `HTML' substituted by `rgb' on input line 1366.
Package xcolor Info: Model `Hsb' substituted by `hsb' on input line 1367.
Package xcolor Info: Model `tHsb' substituted by `hsb' on input line 1368.
Package xcolor Info: Model `HSB' substituted by `hsb' on input line 1369.
Package xcolor Info: Model `Gray' substituted by `gray' on input line 1370.
Package xcolor Info: Model `wave' substituted by `hsb' on input line 1371.
)
(/home/liam/.miktex/texmfs/install/tex/latex/pgf/frontendlayer/tikz.sty
(/home/liam/.miktex/texmfs/install/tex/latex/pgf/basiclayer/pgf.sty
Package: pgf 2020/12/27 v3.1.8b (3.1.8b)

(/home/liam/.miktex/texmfs/install/tex/latex/pgf/basiclayer/pgfcore.sty
(/home/liam/.miktex/texmfs/install/tex/latex/pgf/systemlayer/pgfsys.sty
(/home/liam/.miktex/texmfs/install/tex/generic/pgf/systemlayer/pgfsys.code.tex
Package: pgfsys 2020/12/27 v3.1.8b (3.1.8b)

(/home/liam/.miktex/texmfs/install/tex/generic/pgf/utilities/pgfkeys.code.tex)
\pgf@x=\dimen175
\pgf@y=\dimen176
\pgf@xa=\dimen177
\pgf@ya=\dimen178
\pgf@xb=\dimen179
\pgf@yb=\dimen180
\pgf@xc=\dimen181
\pgf@yc=\dimen182
\pgf@xd=\dimen183
\pgf@yd=\dimen184
\w@pgf@writea=\write5
\r@pgf@reada=\read5
\c@pgf@counta=\count408
\c@pgf@countb=\count409
\c@pgf@countc=\count410
\c@pgf@countd=\count411
\t@pgf@toka=\toks31
\t@pgf@tokb=\toks32
\t@pgf@tokc=\toks33
\pgf@sys@id@count=\count412

(/home/liam/.miktex/texmfs/install/tex/generic/pgf/systemlayer/pgf.cfg
File: pgf.cfg 2020/12/27 v3.1.8b (3.1.8b)
)
Driver file for pgf: pgfsys-pdftex.def

(/home/liam/.miktex/texmfs/install/tex/generic/pgf/systemlayer/pgfsys-pdftex.de
f
File: pgfsys-pdftex.def 2020/12/27 v3.1.8b (3.1.8b)

(/home/liam/.miktex/texmfs/install/tex/generic/pgf/systemlayer/pgfsys-common-pd
f.def
File: pgfsys-common-pdf.def 2020/12/27 v3.1.8b (3.1.8b)
)))
(/home/liam/.miktex/texmfs/install/tex/generic/pgf/systemlayer/pgfsyssoftpath.c
ode.tex
File: pgfsyssoftpath.code.tex 2020/12/27 v3.1.8b (3.1.8b)
\pgfsyssoftpath@smallbuffer@items=\count413
\pgfsyssoftpath@bigbuffer@items=\count414
)
(/home/liam/.miktex/texmfs/install/tex/generic/pgf/systemlayer/pgfsysprotocol.c
ode.tex
File: pgfsysprotocol.code.tex 2020/12/27 v3.1.8b (3.1.8b)
))
(/home/liam/.miktex/texmfs/install/tex/generic/pgf/basiclayer/pgfcore.code.tex
Package: pgfcore 2020/12/27 v3.1.8b (3.1.8b)

(/home/liam/.miktex/texmfs/install/tex/generic/pgf/math/pgfmath.code.tex
(/home/liam/.miktex/texmfs/install/tex/generic/pgf/math/pgfmathcalc.code.tex
(/home/liam/.miktex/texmfs/install/tex/generic/pgf/math/pgfmathutil.code.tex)
(/home/liam/.miktex/texmfs/install/tex/generic/pgf/math/pgfmathparser.code.tex
\pgfmath@dimen=\dimen185
\pgfmath@count=\count415
\pgfmath@box=\box98
\pgfmath@toks=\toks34
\pgfmath@stack@operand=\toks35
\pgfmath@stack@operation=\toks36
)
(/home/liam/.miktex/texmfs/install/tex/generic/pgf/math/pgfmathfunctions.code.t
ex
(/home/liam/.miktex/texmfs/install/tex/generic/pgf/math/pgfmathfunctions.basic.
code.tex)
(/home/liam/.miktex/texmfs/install/tex/generic/pgf/math/pgfmathfunctions.trigon
ometric.code.tex)
(/home/liam/.miktex/texmfs/install/tex/generic/pgf/math/pgfmathfunctions.random
.code.tex)
(/home/liam/.miktex/texmfs/install/tex/generic/pgf/math/pgfmathfunctions.compar
ison.code.tex)
(/home/liam/.miktex/texmfs/install/tex/generic/pgf/math/pgfmathfunctions.base.c
ode.tex)
(/home/liam/.miktex/texmfs/install/tex/generic/pgf/math/pgfmathfunctions.round.
code.tex)
(/home/liam/.miktex/texmfs/install/tex/generic/pgf/math/pgfmathfunctions.misc.c
ode.tex)
(/home/liam/.miktex/texmfs/install/tex/generic/pgf/math/pgfmathfunctions.intege
rarithmetics.code.tex)))
(/home/liam/.miktex/texmfs/install/tex/generic/pgf/math/pgfmathfloat.code.tex
\c@pgfmathroundto@lastzeros=\count416
)) (/home/liam/.miktex/texmfs/install/tex/generic/pgf/math/pgfint.code.tex)
(/home/liam/.miktex/texmfs/install/tex/generic/pgf/basiclayer/pgfcorepoints.cod
e.tex
File: pgfcorepoints.code.tex 2020/12/27 v3.1.8b (3.1.8b)
\pgf@picminx=\dimen186
\pgf@picmaxx=\dimen187
\pgf@picminy=\dimen188
\pgf@picmaxy=\dimen189
\pgf@pathminx=\dimen190
\pgf@pathmaxx=\dimen191
\pgf@pathminy=\dimen192
\pgf@pathmaxy=\dimen193
\pgf@xx=\dimen194
\pgf@xy=\dimen195
\pgf@yx=\dimen196
\pgf@yy=\dimen197
\pgf@zx=\dimen198
\pgf@zy=\dimen199
)
(/home/liam/.miktex/texmfs/install/tex/generic/pgf/basiclayer/pgfcorepathconstr
uct.code.tex
File: pgfcorepathconstruct.code.tex 2020/12/27 v3.1.8b (3.1.8b)
\pgf@path@lastx=\dimen256
\pgf@path@lasty=\dimen257
)
(/home/liam/.miktex/texmfs/install/tex/generic/pgf/basiclayer/pgfcorepathusage.
code.tex
File: pgfcorepathusage.code.tex 2020/12/27 v3.1.8b (3.1.8b)
\pgf@shorten@end@additional=\dimen258
\pgf@shorten@start@additional=\dimen259
)
(/home/liam/.miktex/texmfs/install/tex/generic/pgf/basiclayer/pgfcorescopes.cod
e.tex
File: pgfcorescopes.code.tex 2020/12/27 v3.1.8b (3.1.8b)
\pgfpic=\box99
\pgf@hbox=\box100
\pgf@layerbox@main=\box101
\pgf@picture@serial@count=\count417
)
(/home/liam/.miktex/texmfs/install/tex/generic/pgf/basiclayer/pgfcoregraphicsta
te.code.tex
File: pgfcoregraphicstate.code.tex 2020/12/27 v3.1.8b (3.1.8b)
\pgflinewidth=\dimen260
)
(/home/liam/.miktex/texmfs/install/tex/generic/pgf/basiclayer/pgfcoretransforma
tions.code.tex
File: pgfcoretransformations.code.tex 2020/12/27 v3.1.8b (3.1.8b)
\pgf@pt@x=\dimen261
\pgf@pt@y=\dimen262
\pgf@pt@temp=\dimen263
)
(/home/liam/.miktex/texmfs/install/tex/generic/pgf/basiclayer/pgfcorequick.code
.tex
File: pgfcorequick.code.tex 2020/12/27 v3.1.8b (3.1.8b)
)
(/home/liam/.miktex/texmfs/install/tex/generic/pgf/basiclayer/pgfcoreobjects.co
de.tex
File: pgfcoreobjects.code.tex 2020/12/27 v3.1.8b (3.1.8b)
)
(/home/liam/.miktex/texmfs/install/tex/generic/pgf/basiclayer/pgfcorepathproces
sing.code.tex
File: pgfcorepathprocessing.code.tex 2020/12/27 v3.1.8b (3.1.8b)
)
(/home/liam/.miktex/texmfs/install/tex/generic/pgf/basiclayer/pgfcorearrows.cod
e.tex
File: pgfcorearrows.code.tex 2020/12/27 v3.1.8b (3.1.8b)
\pgfarrowsep=\dimen264
)
(/home/liam/.miktex/texmfs/install/tex/generic/pgf/basiclayer/pgfcoreshade.code
.tex
File: pgfcoreshade.code.tex 2020/12/27 v3.1.8b (3.1.8b)
\pgf@max=\dimen265
\pgf@sys@shading@range@num=\count418
\pgf@shadingcount=\count419
)
(/home/liam/.miktex/texmfs/install/tex/generic/pgf/basiclayer/pgfcoreimage.code
.tex
File: pgfcoreimage.code.tex 2020/12/27 v3.1.8b (3.1.8b)

(/home/liam/.miktex/texmfs/install/tex/generic/pgf/basiclayer/pgfcoreexternal.c
ode.tex
File: pgfcoreexternal.code.tex 2020/12/27 v3.1.8b (3.1.8b)
\pgfexternal@startupbox=\box102
))
(/home/liam/.miktex/texmfs/install/tex/generic/pgf/basiclayer/pgfcorelayers.cod
e.tex
File: pgfcorelayers.code.tex 2020/12/27 v3.1.8b (3.1.8b)
)
(/home/liam/.miktex/texmfs/install/tex/generic/pgf/basiclayer/pgfcoretransparen
cy.code.tex
File: pgfcoretransparency.code.tex 2020/12/27 v3.1.8b (3.1.8b)
)
(/home/liam/.miktex/texmfs/install/tex/generic/pgf/basiclayer/pgfcorepatterns.c
ode.tex
File: pgfcorepatterns.code.tex 2020/12/27 v3.1.8b (3.1.8b)
)
(/home/liam/.miktex/texmfs/install/tex/generic/pgf/basiclayer/pgfcorerdf.code.t
ex
File: pgfcorerdf.code.tex 2020/12/27 v3.1.8b (3.1.8b)
)))
(/home/liam/.miktex/texmfs/install/tex/generic/pgf/modules/pgfmoduleshapes.code
.tex
File: pgfmoduleshapes.code.tex 2020/12/27 v3.1.8b (3.1.8b)
\pgfnodeparttextbox=\box103
)
(/home/liam/.miktex/texmfs/install/tex/generic/pgf/modules/pgfmoduleplot.code.t
ex
File: pgfmoduleplot.code.tex 2020/12/27 v3.1.8b (3.1.8b)
)
(/home/liam/.miktex/texmfs/install/tex/latex/pgf/compatibility/pgfcomp-version-
0-65.sty
Package: pgfcomp-version-0-65 2020/12/27 v3.1.8b (3.1.8b)
\pgf@nodesepstart=\dimen266
\pgf@nodesepend=\dimen267
)
(/home/liam/.miktex/texmfs/install/tex/latex/pgf/compatibility/pgfcomp-version-
1-18.sty
Package: pgfcomp-version-1-18 2020/12/27 v3.1.8b (3.1.8b)
))
(/home/liam/.miktex/texmfs/install/tex/latex/pgf/utilities/pgffor.sty
(/home/liam/.miktex/texmfs/install/tex/latex/pgf/math/pgfmath.sty
(/home/liam/.miktex/texmfs/install/tex/generic/pgf/math/pgfmath.code.tex))
(/home/liam/.miktex/texmfs/install/tex/generic/pgf/utilities/pgffor.code.tex
Package: pgffor 2020/12/27 v3.1.8b (3.1.8b)

(/home/liam/.miktex/texmfs/install/tex/generic/pgf/math/pgfmath.code.tex)
\pgffor@iter=\dimen268
\pgffor@skip=\dimen269
\pgffor@stack=\toks37
\pgffor@toks=\toks38
))
(/home/liam/.miktex/texmfs/install/tex/generic/pgf/frontendlayer/tikz/tikz.code
.tex
Package: tikz 2020/12/27 v3.1.8b (3.1.8b)

(/home/liam/.miktex/texmfs/install/tex/generic/pgf/libraries/pgflibraryplothand
lers.code.tex
File: pgflibraryplothandlers.code.tex 2020/12/27 v3.1.8b (3.1.8b)
\pgf@plot@mark@count=\count420
\pgfplotmarksize=\dimen270
)
\tikz@lastx=\dimen271
\tikz@lasty=\dimen272
\tikz@lastxsaved=\dimen273
\tikz@lastysaved=\dimen274
\tikz@lastmovetox=\dimen275
\tikz@lastmovetoy=\dimen276
\tikzleveldistance=\dimen277
\tikzsiblingdistance=\dimen278
\tikz@figbox=\box104
\tikz@figbox@bg=\box105
\tikz@tempbox=\box106
\tikz@tempbox@bg=\box107
\tikztreelevel=\count421
\tikznumberofchildren=\count422
\tikznumberofcurrentchild=\count423
\tikz@fig@count=\count424

(/home/liam/.miktex/texmfs/install/tex/generic/pgf/modules/pgfmodulematrix.code
.tex
File: pgfmodulematrix.code.tex 2020/12/27 v3.1.8b (3.1.8b)
\pgfmatrixcurrentrow=\count425
\pgfmatrixcurrentcolumn=\count426
\pgf@matrix@numberofcolumns=\count427
)
\tikz@expandcount=\count428

(/home/liam/.miktex/texmfs/install/tex/generic/pgf/frontendlayer/tikz/libraries
/tikzlibrarytopaths.code.tex
File: tikzlibrarytopaths.code.tex 2020/12/27 v3.1.8b (3.1.8b)
)))
(/home/liam/.miktex/texmfs/install/tex/generic/pgf/frontendlayer/tikz/libraries
/tikzlibrarypositioning.code.tex
File: tikzlibrarypositioning.code.tex 2020/12/27 v3.1.8b (3.1.8b)
)
(/home/liam/.miktex/texmfs/install/tex/generic/pgf/frontendlayer/tikz/libraries
/tikzlibraryshadows.code.tex
File: tikzlibraryshadows.code.tex 2020/12/27 v3.1.8b (3.1.8b)

(/home/liam/.miktex/texmfs/install/tex/generic/pgf/frontendlayer/tikz/libraries
/tikzlibraryfadings.code.tex
File: tikzlibraryfadings.code.tex 2020/12/27 v3.1.8b (3.1.8b)

(/home/liam/.miktex/texmfs/install/tex/generic/pgf/libraries/pgflibraryfadings.
code.tex
File: pgflibraryfadings.code.tex 2020/12/27 v3.1.8b (3.1.8b)
))) (/home/liam/.miktex/texmfs/install/tex/latex/latex-tools/calc.sty
Package: calc 2017/05/25 v4.3 Infix arithmetic (KKT,FJ)
\calc@Acount=\count429
\calc@Bcount=\count430
\calc@Adimen=\dimen279
\calc@Bdimen=\dimen280
\calc@Askip=\skip84
\calc@Bskip=\skip85
LaTeX Info: Redefining \setlength on input line 80.
LaTeX Info: Redefining \addtolength on input line 81.
\calc@Ccount=\count431
\calc@Cskip=\skip86
)
\c@@todonotes@numberoftodonotes=\count432
) (/home/liam/.miktex/texmfs/install/tex/latex/glossaries/base/glossaries.sty
Package: glossaries 2020/03/19 v4.46 (NLCT)

(/home/liam/.miktex/texmfs/install/tex/latex/mfirstuc/mfirstuc.sty
Package: mfirstuc 2017/11/14 v2.06 (NLCT)
\@glsmfirst=\toks39
\@glsmrest=\toks40
)
(/home/liam/.miktex/texmfs/install/tex/latex/textcase/textcase.sty
Package: textcase 2019/09/14 v1.00 Text only upper/lower case changing (DPC)
)
(/home/liam/.miktex/texmfs/install/tex/latex/xfor/xfor.sty
Package: xfor 2009/02/05 v1.05 (NLCT)
)
(/home/liam/.miktex/texmfs/install/tex/latex/datatool/datatool-base.sty
Package: datatool-base 2019/09/27 v2.32 (NLCT)

(/home/liam/.miktex/texmfs/install/tex/latex/amsmath/amsmath.sty
Package: amsmath 2020/09/23 v2.17i AMS math features
\@mathmargin=\skip87

For additional information on amsmath, use the `?' option.
(/home/liam/.miktex/texmfs/install/tex/latex/amsmath/amstext.sty
Package: amstext 2000/06/29 v2.01 AMS text

(/home/liam/.miktex/texmfs/install/tex/latex/amsmath/amsgen.sty
File: amsgen.sty 1999/11/30 v2.0 generic functions
\@emptytoks=\toks41
\ex@=\dimen281
))
(/home/liam/.miktex/texmfs/install/tex/latex/amsmath/amsbsy.sty
Package: amsbsy 1999/11/29 v1.2d Bold Symbols
\pmbraise@=\dimen282
)
(/home/liam/.miktex/texmfs/install/tex/latex/amsmath/amsopn.sty
Package: amsopn 2016/03/08 v2.02 operator names
)
\inf@bad=\count433
LaTeX Info: Redefining \frac on input line 234.
\uproot@=\count434
\leftroot@=\count435
LaTeX Info: Redefining \overline on input line 399.
\classnum@=\count436
\DOTSCASE@=\count437
LaTeX Info: Redefining \ldots on input line 496.
LaTeX Info: Redefining \dots on input line 499.
LaTeX Info: Redefining \cdots on input line 620.
\Mathstrutbox@=\box108
\strutbox@=\box109
\big@size=\dimen283
LaTeX Font Info:    Redeclaring font encoding OML on input line 743.
LaTeX Font Info:    Redeclaring font encoding OMS on input line 744.
\macc@depth=\count438
\c@MaxMatrixCols=\count439
\dotsspace@=\muskip21
\c@parentequation=\count440
\dspbrk@lvl=\count441
\tag@help=\toks42
\row@=\count442
\column@=\count443
\maxfields@=\count444
\andhelp@=\toks43
\eqnshift@=\dimen284
\alignsep@=\dimen285
\tagshift@=\dimen286
\tagwidth@=\dimen287
\totwidth@=\dimen288
\lineht@=\dimen289
\@envbody=\toks44
\multlinegap=\skip88
\multlinetaggap=\skip89
\mathdisplay@stack=\toks45
LaTeX Info: Redefining \[ on input line 2923.
LaTeX Info: Redefining \] on input line 2924.
)
(/home/liam/.miktex/texmfs/install/tex/latex/substr/substr.sty
Package: substr 2009/10/20 v1.2 Handle substrings
\c@su@anzahl=\count445
)
(/home/liam/.miktex/texmfs/install/tex/latex/datatool/datatool-fp.sty
Package: datatool-fp 2019/09/27 v2.32 (NLCT)

(/home/liam/.miktex/texmfs/install/tex/latex/fp/fp.sty
Package: fp 1995/04/02

`Fixed Point Package', Version 0.8, April 2, 1995 (C) Michael Mehlich
(/home/liam/.miktex/texmfs/install/tex/latex/fp/defpattern.sty
Package: defpattern 1994/10/12
\actioncount=\count446
)
(/home/liam/.miktex/texmfs/install/tex/latex/fp/fp-basic.sty
Package: fp-basic 1996/05/13
\FP@xs=\count447
\FP@xia=\count448
\FP@xib=\count449
\FP@xfa=\count450
\FP@xfb=\count451
\FP@rega=\count452
\FP@regb=\count453
\FP@regs=\count454
\FP@times=\count455
)
(/home/liam/.miktex/texmfs/install/tex/latex/fp/fp-addons.sty
Package: fp-addons 1995/03/15
)
(/home/liam/.miktex/texmfs/install/tex/latex/fp/fp-snap.sty
Package: fp-snap 1995/04/05
)
(/home/liam/.miktex/texmfs/install/tex/latex/fp/fp-exp.sty
Package: fp-exp 1995/04/03
)
(/home/liam/.miktex/texmfs/install/tex/latex/fp/fp-trigo.sty
Package: fp-trigo 1995/04/14
)
(/home/liam/.miktex/texmfs/install/tex/latex/fp/fp-pas.sty
Package: fp-pas 1994/08/29
)
(/home/liam/.miktex/texmfs/install/tex/latex/fp/fp-random.sty
Package: fp-random 1995/02/23
\FPseed=\count456
)
(/home/liam/.miktex/texmfs/install/tex/latex/fp/fp-eqn.sty
Package: fp-eqn 1995/04/03
)
(/home/liam/.miktex/texmfs/install/tex/latex/fp/fp-upn.sty
Package: fp-upn 1996/10/21
)
(/home/liam/.miktex/texmfs/install/tex/latex/fp/fp-eval.sty
Package: fp-eval 1995/04/03
)))
\@dtl@toks=\toks46
\@dtl@tmpcount=\count457
\dtl@tmplength=\skip90
\dtl@sortresult=\count458
\@dtl@numgrpsepcount=\count459
\@dtl@datatype=\count460
\dtl@codeA=\count461
\dtl@codeB=\count462
\@dtl@foreach@level=\count463
)
(/home/liam/.miktex/texmfs/install/tex/latex/glossaries/base/glossaries-compati
ble-307.sty
Package: glossaries-compatible-307 2020/03/19 v4.46 (NLCT)
)
\gls@level=\count464
\@gls@tmpb=\toks47
\gls@tmplen=\skip91
\glskeylisttok=\toks48
\glslabeltok=\toks49
\glsshorttok=\toks50
\glslongtok=\toks51

(/home/liam/.miktex/texmfs/install/tex/latex/glossaries/styles/glossary-hyperna
v.sty
Package: glossary-hypernav 2020/03/19 v4.46 (NLCT)
)
(/home/liam/.miktex/texmfs/install/tex/latex/glossaries/styles/glossary-list.st
y
Package: glossary-list 2020/03/19 v4.46 (NLCT)
\glslistdottedwidth=\skip92
)
(/home/liam/.miktex/texmfs/install/tex/latex/glossaries/styles/glossary-long.st
y
Package: glossary-long 2020/03/19 v4.46 (NLCT)
 (/home/liam/.miktex/texmfs/install/tex/latex/latex-tools/longtable.sty
Package: longtable 2020/01/07 v4.13 Multi-page Table package (DPC)
\LTleft=\skip93
\LTright=\skip94
\LTpre=\skip95
\LTpost=\skip96
\LTchunksize=\count465
\LTcapwidth=\dimen290
\LT@head=\box110
\LT@firsthead=\box111
\LT@foot=\box112
\LT@lastfoot=\box113
\LT@cols=\count466
\LT@rows=\count467
\c@LT@tables=\count468
\c@LT@chunks=\count469
\LT@p@ftn=\toks52
)
\glsdescwidth=\skip97
\glspagelistwidth=\skip98
)
(/home/liam/.miktex/texmfs/install/tex/latex/glossaries/styles/glossary-super.s
ty
Package: glossary-super 2020/03/19 v4.46 (NLCT)
 (/home/liam/.miktex/texmfs/install/tex/latex/supertabular/supertabular.sty
Package: supertabular 2020/02/02 v4.1g the supertabular environment
\c@tracingst=\count470
\ST@wd=\dimen291
\ST@rightskip=\skip99
\ST@leftskip=\skip100
\ST@parfillskip=\skip101
\ST@pageleft=\dimen292
\ST@headht=\dimen293
\ST@tailht=\dimen294
\ST@pagesofar=\dimen295
\ST@pboxht=\dimen296
\ST@lineht=\dimen297
\ST@prevht=\dimen298
\ST@toadd=\dimen299
\ST@dimen=\dimen300
\ST@pbox=\box114
))
(/home/liam/.miktex/texmfs/install/tex/latex/glossaries/styles/glossary-tree.st
y
Package: glossary-tree 2020/03/19 v4.46 (NLCT)
\glstreeindent=\skip102
)) (/home/liam/.miktex/texmfs/install/tex/latex/listings/listings.sty
\lst@mode=\count471
\lst@gtempboxa=\box115
\lst@token=\toks53
\lst@length=\count472
\lst@currlwidth=\dimen301
\lst@column=\count473
\lst@pos=\count474
\lst@lostspace=\dimen302
\lst@width=\dimen303
\lst@newlines=\count475
\lst@lineno=\count476
\lst@maxwidth=\dimen304

(/home/liam/.miktex/texmfs/install/tex/latex/listings/lstmisc.sty
File: lstmisc.sty 2020/03/24 1.8d (Carsten Heinz)
\c@lstnumber=\count477
\lst@skipnumbers=\count478
\lst@framebox=\box116
)
(/home/liam/.miktex/texmfs/install/tex/latex/listings/listings.cfg
File: listings.cfg 2020/03/24 1.8d listings configuration
))
Package: listings 2020/03/24 1.8d (Carsten Heinz)

(/home/liam/.miktex/texmfs/install/tex/latex/base/fontenc.sty
Package: fontenc 2020/08/10 v2.0s Standard LaTeX package
)
(/home/liam/.miktex/texmfs/install/tex/latex/datatool/datatool.sty
Package: datatool 2019/09/27 v2.32 (NLCT)
\dtlcolumnnum=\count479
\dtlrownum=\count480
\@dtl@before=\toks54
\@dtl@after=\toks55
\@dtl@colhead=\toks56
\dtlcurrentrow=\toks57
\dtlbeforerow=\toks58
\dtlafterrow=\toks59
\dtlforeachlevel=\count481
\c@DTLrowi=\count482
\c@DTLrowii=\count483
\c@DTLrowiii=\count484
\c@DTLrow=\count485
\dtl@rowi=\count486
\dtl@rowii=\count487
\dtl@rowiii=\count488
\@dtl@curi=\toks60
\@dtl@previ=\toks61
\@dtl@nexti=\toks62
\@dtl@curii=\toks63
\@dtl@previi=\toks64
\@dtl@nextii=\toks65
\@dtl@curiii=\toks66
\@dtl@previii=\toks67
\@dtl@nextiii=\toks68
\@dtl@elements=\count489
\@dtl@list=\toks69
\@dtl@rowa=\toks70
\@dtl@rowb=\toks71
\@dtl@toksA=\toks72
\@dtl@toksB=\toks73
\@dtl@write=\write6
\@dtl@read=\read6
\dtl@entrycr=\count490
\dtl@omitlines=\count491
)
(/home/liam/.miktex/texmfs/install/tex/latex/caption/subcaption.sty
Package: subcaption 2020/10/07 v1.3j Sub-captions (AR)

(/home/liam/.miktex/texmfs/install/tex/latex/caption/caption.sty
Package: caption 2020/10/26 v3.5g Customizing captions (AR)

(/home/liam/.miktex/texmfs/install/tex/latex/caption/caption3.sty
Package: caption3 2020/10/21 v2.2e caption3 kernel (AR)
\captionmargin=\dimen305
\captionmargin@=\dimen306
\captionwidth=\dimen307
\caption@tempdima=\dimen308
\caption@indent=\dimen309
\caption@parindent=\dimen310
\caption@hangindent=\dimen311
Package caption Info: Standard document class detected.
)
\c@caption@flags=\count492
\c@continuedfloat=\count493
Package caption Info: float package is loaded.
Package caption Info: listings package is loaded.
Package caption Info: longtable package is loaded.

(/home/liam/.miktex/texmfs/install/tex/latex/caption/ltcaption.sty
Package: ltcaption 2020/05/30 v1.4b longtable captions (AR)
)
Package caption Info: supertabular package is loaded.
)
\c@subfigure=\count494
\c@subtable=\count495
)
(/home/liam/.miktex/texmfs/install/tex/latex/koma-script/scrhack.sty
Package: scrhack 2020/09/21 v3.32 KOMA-Script package (hacking other packages)

(/home/liam/.miktex/texmfs/install/tex/latex/koma-script/scrkbase.sty
Package: scrkbase 2020/09/21 v3.32 KOMA-Script package (KOMA-Script-dependent b
asics and keyval usage)

(/home/liam/.miktex/texmfs/install/tex/latex/koma-script/scrbase.sty
Package: scrbase 2020/09/21 v3.32 KOMA-Script package (KOMA-Script-independent 
basics and keyval usage)

(/home/liam/.miktex/texmfs/install/tex/latex/koma-script/scrlfile.sty
Package: scrlfile 2020/09/21 v3.32 KOMA-Script package (file load hooks)

(/home/liam/.miktex/texmfs/install/tex/latex/koma-script/scrlfile-hook.sty
Package: scrlfile-hook 2020/09/21 v3.32 KOMA-Script package (using LaTeX hooks)


(/home/liam/.miktex/texmfs/install/tex/latex/koma-script/scrlogo.sty
Package: scrlogo 2020/09/21 v3.32 KOMA-Script package (logo)
)))))
(/home/liam/.miktex/texmfs/install/tex/latex/xpatch/xpatch.sty
Package: xpatch 2020/03/25 v0.3a Extending etoolbox patching commands
)
Package scrhack Info: loading float hack on input line 169.

(/home/liam/.miktex/texmfs/install/tex/latex/koma-script/float.hak
File: float.hak 2020/09/21 v3.32 KOMA-Script scrhack part (hacking package floa
t)

(/home/liam/.miktex/texmfs/install/tex/latex/koma-script/tocbasic.sty
Package: tocbasic 2020/09/21 v3.32 KOMA-Script package (handling toc-files)
\scr@dte@tocline@numberwidth=\skip103
\scr@dte@tocline@numbox=\box117
)
Package scrhack Info: redefining \newfloat on input line 163.
Package scrhack Info: redefining \listof on input line 163.
Package scrhack Info: undefining \float@addtolists on input line 163.
)
Package scrhack Info: loading listings hack on input line 183.

(/home/liam/.miktex/texmfs/install/tex/latex/koma-script/listings.hak
File: listings.hak 2020/09/21 v3.32 KOMA-Script scrhack part (hacking package l
istings)
Package tocbasic Info: babel extension for `lol' omitted
(tocbasic)             because of missing \bbl@set@language on input line 143.
Package scrhack Info: redefining \lstlistoflistings on input line 143.
)
Package scrhack Info: loading setspace hack on input line 197.

(/home/liam/.miktex/texmfs/install/tex/latex/koma-script/setspace.hak
File: setspace.hak 2020/09/21 v3.32 KOMA-Script scrhack part (hacking package s
etspace)
))
(/home/liam/.miktex/texmfs/install/tex/latex/csquotes/csquotes.sty
Package: csquotes 2021-02-22 v5.2l context-sensitive quotations (JAW)
\csq@reset=\count496
\csq@gtype=\count497
\csq@glevel=\count498
\csq@qlevel=\count499
\csq@maxlvl=\count500
\csq@tshold=\count501
\csq@ltx@everypar=\toks74

(/home/liam/.miktex/texmfs/install/tex/latex/csquotes/csquotes.def
File: csquotes.def 2021-02-22 v5.2l csquotes generic definitions (JAW)
)
Package csquotes Info: Trying to load configuration file 'csquotes.cfg'...
Package csquotes Info: ... configuration file loaded successfully.

(/home/liam/.miktex/texmfs/install/tex/latex/csquotes/csquotes.cfg
File: csquotes.cfg 
))
(/home/liam/.miktex/texmfs/install/tex/latex/tabulary/tabulary.sty
Package: tabulary 2014/06/11 v0.10 tabulary package (DPC)

(/home/liam/.miktex/texmfs/install/tex/latex/latex-tools/array.sty
Package: array 2020/10/01 v2.5c Tabular extension package (FMi)
\col@sep=\dimen312
\ar@mcellbox=\box118
\extrarowheight=\dimen313
\NC@list=\toks75
\extratabsurround=\skip104
\backup@length=\skip105
\ar@cellbox=\box119
)
\TY@count=\count502
\TY@linewidth=\dimen314
\tymin=\dimen315
\tymax=\dimen316
\TY@tablewidth=\dimen317
)
(/home/liam/.miktex/texmfs/install/tex/generic/babel/babel.sty
Package: babel 2021/03/03 3.55 The Babel package

(/home/liam/.miktex/texmfs/install/tex/generic/babel/babel.def
File: babel.def 2021/03/03 3.55 Babel common definitions
\babel@savecnt=\count503
\U@D=\dimen318
\l@babelnohyphens=\language2

(/home/liam/.miktex/texmfs/install/tex/generic/babel/txtbabel.def)
\bbl@readstream=\read7
)
\bbl@dirlevel=\count504

*************************************
* Local config file bblopts.cfg used
*
(/home/liam/.miktex/texmfs/install/tex/latex/arabi/bblopts.cfg
File: bblopts.cfg 2005/09/08 v0.1 add Arabic and Farsi to "declared" options of
 babel
)
(/home/liam/.miktex/texmfs/install/tex/latex/babel-english/english.ldf
Language: english 2017/06/06 v3.3r English support from the babel system
)
(/home/liam/.miktex/texmfs/install/tex/latex/babel-german/ngerman.ldf
Language: ngerman 2021/02/27 v2.13 German support for babel (post-1996 orthogra
phy)

(/home/liam/.miktex/texmfs/install/tex/latex/babel-german/ngermanb.ldf
Language: ngermanb 2021/02/27 v2.13 German support for babel (post-1996 orthogr
aphy)


Package babel Warning: No hyphenation patterns were preloaded for
(babel)                the language `German (new orthography)' into the format.

(babel)                Please, configure your TeX system to add them and
(babel)                rebuild the format. Now I will use the patterns
(babel)                preloaded for \language=0 instead on input line 48.

Package babel Info: Making " an active character on input line 122.
))) (/home/liam/.miktex/texmfs/install/tex/latex/mathtools/mathtools.sty
Package: mathtools 2020/03/24 v1.24 mathematical typesetting tools

(/home/liam/.miktex/texmfs/install/tex/latex/mathtools/mhsetup.sty
Package: mhsetup 2017/03/31 v1.3 programming setup (MH)
)
LaTeX Info: Thecontrolsequence`\('isalreadyrobust on input line 130.
LaTeX Info: Thecontrolsequence`\)'isalreadyrobust on input line 130.
LaTeX Info: Thecontrolsequence`\['isalreadyrobust on input line 130.
LaTeX Info: Thecontrolsequence`\]'isalreadyrobust on input line 130.
\g_MT_multlinerow_int=\count505
\l_MT_multwidth_dim=\dimen319
\origjot=\skip106
\l_MT_shortvdotswithinadjustabove_dim=\dimen320
\l_MT_shortvdotswithinadjustbelow_dim=\dimen321
\l_MT_above_intertext_sep=\dimen322
\l_MT_below_intertext_sep=\dimen323
\l_MT_above_shortintertext_sep=\dimen324
\l_MT_below_shortintertext_sep=\dimen325
\xmathstrut@box=\box120
\xmathstrut@dim=\dimen326
)
(/home/liam/.miktex/texmfs/install/tex/latex/amsfonts/amssymb.sty
Package: amssymb 2013/01/14 v3.01 AMS font symbols

(/home/liam/.miktex/texmfs/install/tex/latex/amsfonts/amsfonts.sty
Package: amsfonts 2013/01/14 v3.01 Basic AMSFonts support
\symAMSa=\mathgroup4
\symAMSb=\mathgroup5
LaTeX Font Info:    Redeclaring math symbol \hbar on input line 98.
LaTeX Font Info:    Overwriting math alphabet `\mathfrak' in version `bold'
(Font)                  U/euf/m/n --> U/euf/b/n on input line 106.
))
(/home/liam/.miktex/texmfs/install/tex/latex/hyperref/hyperref.sty
Package: hyperref 2021-02-27 v7.00k Hypertext links for LaTeX

(/home/liam/.miktex/texmfs/install/tex/generic/kvdefinekeys/kvdefinekeys.sty
Package: kvdefinekeys 2019-12-19 v1.6 Define keys (HO)
)
(/home/liam/.miktex/texmfs/install/tex/generic/pdfescape/pdfescape.sty
Package: pdfescape 2019/12/09 v1.15 Implements pdfTeX's escape features (HO)
)
(/home/liam/.miktex/texmfs/install/tex/latex/hycolor/hycolor.sty
Package: hycolor 2020-01-27 v1.10 Color options for hyperref/bookmark (HO)
)
(/home/liam/.miktex/texmfs/install/tex/latex/letltxmacro/letltxmacro.sty
Package: letltxmacro 2019/12/03 v1.6 Let assignment for LaTeX macros (HO)
)
(/home/liam/.miktex/texmfs/install/tex/latex/auxhook/auxhook.sty
Package: auxhook 2019-12-17 v1.6 Hooks for auxiliary files (HO)
)
\@linkdim=\dimen327
\Hy@linkcounter=\count506
\Hy@pagecounter=\count507

(/home/liam/.miktex/texmfs/install/tex/latex/hyperref/pd1enc.def
File: pd1enc.def 2021-02-27 v7.00k Hyperref: PDFDocEncoding definition (HO)
Now handling font encoding PD1 ...
... no UTF-8 mapping file for font encoding PD1
)
(/home/liam/.miktex/texmfs/install/tex/latex/hyperref/hyperref-langpatches.def
File: hyperref-langpatches.def 2021-02-27 v7.00k Hyperref: patches for babel la
nguages
) (/home/liam/.miktex/texmfs/install/tex/generic/intcalc/intcalc.sty
Package: intcalc 2019/12/15 v1.3 Expandable calculations with integers (HO)
)
(/home/liam/.miktex/texmfs/install/tex/generic/etexcmds/etexcmds.sty
Package: etexcmds 2019/12/15 v1.7 Avoid name clashes with e-TeX commands (HO)
)
\Hy@SavedSpaceFactor=\count508

(/home/liam/.miktex/texmfs/install/tex/latex/hyperref/puenc.def
File: puenc.def 2021-02-27 v7.00k Hyperref: PDF Unicode definition (HO)
Now handling font encoding PU ...
... no UTF-8 mapping file for font encoding PU
)
Package hyperref Info: Option `breaklinks' set `true' on input line 4073.
Package hyperref Info: Hyper figures OFF on input line 4192.
Package hyperref Info: Link nesting OFF on input line 4197.
Package hyperref Info: Hyper index ON on input line 4200.
Package hyperref Info: Plain pages OFF on input line 4207.
Package hyperref Info: Backreferencing OFF on input line 4212.
Package hyperref Info: Implicit mode ON; LaTeX internals redefined.
Package hyperref Info: Bookmarks ON on input line 4445.
\c@Hy@tempcnt=\count509
LaTeX Info: Redefining \url on input line 4804.
\XeTeXLinkMargin=\dimen328

(/home/liam/.miktex/texmfs/install/tex/generic/bitset/bitset.sty
Package: bitset 2019/12/09 v1.3 Handle bit-vector datatype (HO)

(/home/liam/.miktex/texmfs/install/tex/generic/bigintcalc/bigintcalc.sty
Package: bigintcalc 2019/12/15 v1.5 Expandable calculations on big integers (HO
)
))
\Fld@menulength=\count510
\Field@Width=\dimen329
\Fld@charsize=\dimen330
Package hyperref Info: Hyper figures OFF on input line 6075.
Package hyperref Info: Link nesting OFF on input line 6080.
Package hyperref Info: Hyper index ON on input line 6083.
Package hyperref Info: backreferencing OFF on input line 6090.
Package hyperref Info: Link coloring OFF on input line 6095.
Package hyperref Info: Link coloring with OCG OFF on input line 6100.
Package hyperref Info: PDF/A mode OFF on input line 6105.
LaTeX Info: Redefining \ref on input line 6145.
LaTeX Info: Redefining \pageref on input line 6149.

(/home/liam/.miktex/texmfs/install/tex/latex/base/atbegshi-ltx.sty
Package: atbegshi-ltx 2020/08/17 v1.0a Emulation of the original atbegshi packa
ge
with kernel methods
)
\Hy@abspage=\count511
\c@Item=\count512
\c@Hfootnote=\count513
)
Package scrhack Info: hyperref hack deactivated because of
(scrhack)             detection of hyperref version, that doesn't
(scrhack)             need that hack, on input line 100.
Package hyperref Info: Driver (autodetected): hpdftex.

(/home/liam/.miktex/texmfs/install/tex/latex/hyperref/hpdftex.def
File: hpdftex.def 2021-02-27 v7.00k Hyperref driver for pdfTeX

(/home/liam/.miktex/texmfs/install/tex/latex/base/atveryend-ltx.sty
Package: atveryend-ltx 2020/08/19 v1.0a Emulation of the original atvery packag
e
with kernel methods
)
\Fld@listcount=\count514
\c@bookmark@seq@number=\count515

(/home/liam/.miktex/texmfs/install/tex/latex/rerunfilecheck/rerunfilecheck.sty
Package: rerunfilecheck 2019/12/05 v1.9 Rerun checks for auxiliary files (HO)

(/home/liam/.miktex/texmfs/install/tex/generic/uniquecounter/uniquecounter.sty
Package: uniquecounter 2019/12/15 v1.4 Provide unlimited unique counter (HO)
)
Package uniquecounter Info: New unique counter `rerunfilecheck' on input line 2
86.
)
\Hy@SectionHShift=\skip107
) (/home/liam/.miktex/texmfs/install/tex/latex/breakcites/breakcites.sty)
(/home/liam/.miktex/texmfs/install/tex/latex/latex-tools/bm.sty
Package: bm 2019/07/24 v1.2d Bold Symbol Support (DPC/FMi)
\symboldoperators=\mathgroup6
\symboldletters=\mathgroup7
\symboldsymbols=\mathgroup8
LaTeX Font Info:    Redeclaring math alphabet \mathbf on input line 141.
LaTeX Info: Redefining \bm on input line 209.
)
(/home/liam/.miktex/texmfs/install/tex/latex/subfiles/subfiles.sty
Package: subfiles 2020/11/14 v2.2 Multi-file projects (package)

(/home/liam/.miktex/texmfs/install/tex/latex/import/import.sty
Package: import 2020/04/01  v 6.2
)))
\glswrite=\write7
\glo@main@file=\write8
\openout8 = `main.glo'.

Package glossaries Info: Writing glossary file main.glo on input line 8.
\glo@acronym@file=\write9
\openout9 = `main.acn'.

Package glossaries Info: Writing glossary file main.acn on input line 8.
 (etc/glossary)
Package csquotes Info: Checking for multilingual support...
Package csquotes Info: ... found 'babel' package.
Package csquotes Info: Adjusting default style.
Package csquotes Info: Redefining alias 'default' -> 'ngerman'.
 (main.aux)
\openout1 = `main.aux'.

LaTeX Font Info:    Checking defaults for OML/cmm/m/it on input line 11.
LaTeX Font Info:    ... okay on input line 11.
LaTeX Font Info:    Checking defaults for OMS/cmsy/m/n on input line 11.
LaTeX Font Info:    ... okay on input line 11.
LaTeX Font Info:    Checking defaults for OT1/cmr/m/n on input line 11.
LaTeX Font Info:    ... okay on input line 11.
LaTeX Font Info:    Checking defaults for T1/cmr/m/n on input line 11.
LaTeX Font Info:    ... okay on input line 11.
LaTeX Font Info:    Checking defaults for TS1/cmr/m/n on input line 11.
LaTeX Font Info:    ... okay on input line 11.
LaTeX Font Info:    Checking defaults for OMX/cmex/m/n on input line 11.
LaTeX Font Info:    ... okay on input line 11.
LaTeX Font Info:    Checking defaults for U/cmr/m/n on input line 11.
LaTeX Font Info:    ... okay on input line 11.
LaTeX Font Info:    Checking defaults for PD1/pdf/m/n on input line 11.
LaTeX Font Info:    ... okay on input line 11.
LaTeX Font Info:    Checking defaults for PU/pdf/m/n on input line 11.
LaTeX Font Info:    ... okay on input line 11.

(/home/liam/.miktex/texmfs/install/tex/context/base/mkii/supp-pdf.mkii
[Loading MPS to PDF converter (version 2006.09.02).]
\scratchcounter=\count516
\scratchdimen=\dimen331
\scratchbox=\box121
\nofMPsegments=\count517
\nofMParguments=\count518
\everyMPshowfont=\toks76
\MPscratchCnt=\count519
\MPscratchDim=\dimen332
\MPnumerator=\count520
\makeMPintoPDFobject=\count521
\everyMPtoPDFconversion=\toks77
) (/home/liam/.miktex/texmfs/install/tex/latex/epstopdf-pkg/epstopdf-base.sty
Package: epstopdf-base 2020-01-24 v2.11 Base part for package epstopdf
Package epstopdf-base Info: Redefining graphics rule for `.eps' on input line 4
85.
)
*geometry* driver: auto-detecting
*geometry* detected driver: pdftex
*geometry* verbose mode - [ preamble ] result:
* driver: pdftex
* paper: a4paper
* layout: <same size as paper>
* layoutoffset:(h,v)=(0.0pt,0.0pt)
* modes: 
* h-part:(L,W,R)=(113.81102pt, 386.95749pt, 96.73936pt)
* v-part:(T,H,B)=(71.13188pt, 702.78308pt, 71.13188pt)
* \paperwidth=597.50787pt
* \paperheight=845.04684pt
* \textwidth=386.95749pt
* \textheight=702.78308pt
* \oddsidemargin=41.54103pt
* \evensidemargin=41.54103pt
* \topmargin=-38.1381pt
* \headheight=12.0pt
* \headsep=25.0pt
* \topskip=10.0pt
* \footskip=30.0pt
* \marginparwidth=65.0pt
* \marginparsep=11.0pt
* \columnsep=10.0pt
* \skip\footins=9.0pt plus 4.0pt minus 2.0pt
* \hoffset=0.0pt
* \voffset=0.0pt
* \mag=1000
* \@twocolumnfalse
* \@twosidefalse
* \@mparswitchfalse
* \@reversemarginfalse
* (1in=72.27pt=25.4mm, 1cm=28.453pt)

Package biblatex Info: Trying to load language 'ngerman'...
Package biblatex Info: ... file 'ngerman.lbx' found.
(/home/liam/.miktex/texmfs/install/tex/latex/biblatex/lbx/ngerman.lbx
File: ngerman.lbx 2020/12/31 v3.16 biblatex localization (PK/MW)
Package biblatex Info: Trying to load language 'german'...
Package biblatex Info: ... file 'german.lbx' found.

(/home/liam/.miktex/texmfs/install/tex/latex/biblatex/lbx/german.lbx
File: german.lbx 2020/12/31 v3.16 biblatex localization (PK/MW)
)
Package biblatex Info: Trying to load language 'german'...
Package biblatex Info: ... file 'german.lbx' found.

(/home/liam/.miktex/texmfs/install/tex/latex/biblatex/lbx/german.lbx
File: german.lbx 2020/12/31 v3.16 biblatex localization (PK/MW)
))
Package biblatex Info: Trying to load language 'english'...
Package biblatex Info: ... file 'english.lbx' found.

(/home/liam/.miktex/texmfs/install/tex/latex/biblatex/lbx/english.lbx
File: english.lbx 2020/12/31 v3.16 biblatex localization (PK/MW)
)
Package biblatex Info: Input encoding 'utf8' detected.
Package biblatex Info: Automatic encoding selection.
(biblatex)             Assuming data encoding 'utf8'.
Package biblatex Info: Document encoding is UTF8 ....
Package biblatex Info: ... and expl3
(biblatex)             2021-02-18 L3 programming layer (loader) 
(biblatex)             is new enough (at least 2020/04/06),
(biblatex)             setting 'casechanger=expl3'.

(/home/liam/.miktex/texmfs/install/tex/latex/biblatex/blx-case-expl3.sty
Package: blx-case-expl3 2020/12/31 v3.16 expl3 case changing code for biblatex
)
\openout3 = `main.bcf'.

Package biblatex Info: Trying to load bibliographic data...
Package biblatex Info: ... file 'main.bbl' found.

(main.bbl)
Package biblatex Info: Reference section=0 on input line 11.
Package biblatex Info: Reference segment=0 on input line 11.
\c@lstlisting=\count522
Package caption Info: Begin \AtBeginDocument code.
Package caption Info: hyperref package is loaded.
Package caption Info: End \AtBeginDocument code.
Package scrhack Info: undefining \float@addtolists on input line 11.
Package hyperref Info: Link coloring OFF on input line 11.
 (/home/liam/.miktex/texmfs/install/tex/latex/hyperref/nameref.sty
Package: nameref 2021-04-02 v2.47 Cross-referencing by name of section

(/home/liam/.miktex/texmfs/install/tex/generic/gettitlestring/gettitlestring.st
y
Package: gettitlestring 2019/12/15 v1.6 Cleanup title references (HO)
)
\c@section@level=\count523
)
LaTeX Info: Redefining \ref on input line 11.
LaTeX Info: Redefining \pageref on input line 11.
LaTeX Info: Redefining \nameref on input line 11.
 (main.out) (main.out)
\@outlinefile=\write10
\openout10 = `main.out'.

 (etc/titlepage.tex
LaTeX Font Info:    Trying to load font information for U+msa on input line 8.

(/home/liam/.miktex/texmfs/install/tex/latex/amsfonts/umsa.fd
File: umsa.fd 2013/01/14 v3.01 AMS symbols A
)
LaTeX Font Info:    Trying to load font information for U+msb on input line 8.

(/home/liam/.miktex/texmfs/install/tex/latex/amsfonts/umsb.fd
File: umsb.fd 2013/01/14 v3.01 AMS symbols B
)
<graphics/dhbw_mosbach.png, id=82, 173.9298pt x 88.6512pt>
File: graphics/dhbw_mosbach.png Graphic file (type png)
<use graphics/dhbw_mosbach.png>
Package pdftex.def Info: graphics/dhbw_mosbach.png  used on input line 11.
(pdftex.def)             Requested size: 174.12968pt x 88.75647pt.
 [1

\openout7 = `main.ist'.

{/home/liam/.miktex/texmfs/data/pdftex/config/pdftex.map} <./graphics/dhbw_mosb
ach.png>])
Overfull \hbox (3.60974pt too wide) in paragraph at lines 17--19
\T1/cmr/m/n/9 und tatschlich die Wahrscheinlichkeit dass ein Person im Raum mi
t ihnen Geburtstag
 []

[1] (main.toc)
\tf@toc=\write11
\openout11 = `main.toc'.


No file main.gls.
No file main.acr.
[2

] (parts/einfuehrung.tex
Overfull \hbox (36.02255pt too wide) in paragraph at lines 6--8
\T1/cmr/m/n/10 weniger bewanderte personen frden stehts subjektiv zu einer seh
r viel geringeren warscheinlichkeit
 []


Overfull \hbox (11.16026pt too wide) in paragraph at lines 19--20
\T1/cmr/m/n/10 50% oder meht liegt verwenden wir das Gegenereignis. Wir berechn
en die Wahrscheinlichkeit,
 []


Overfull \hbox (1.72649pt too wide) in paragraph at lines 41--42
[]\T1/cmr/m/n/10 Die Wahrscheinlichkeit fr keine Kollision liegt bei 0,493, so
mit liegt die Wahrscheinlichkeit
 []

) (parts/herleitungen.tex
Overfull \hbox (24.46895pt too wide) detected at line 10
[][]\OML/cmm/m/it/10 X[] \OT1/cmr/m/n/10 := []
 []

pdfTeX warning (ext4): destination with the same identifier (name{page.1}) has 
been already used, duplicate ignored
<to be read again> 
                   \relax 
l.10     \end{equation}
                        [1

] [2] [3] [4] [5]) (parts/konkreteZahlen.tex [6]

Package hyperref Warning: Token not allowed in a PDF string (Unicode):
(hyperref)                removing `math shift' on input line 20.


Package hyperref Warning: Token not allowed in a PDF string (Unicode):
(hyperref)                removing `\leq' on input line 20.


Package hyperref Warning: Token not allowed in a PDF string (Unicode):
(hyperref)                removing `math shift' on input line 20.

<parts//../graphics/perde.png, id=189, 1284.8pt x 963.6pt>
File: parts//../graphics/perde.png Graphic file (type png)
<use parts//../graphics/perde.png>
Package pdftex.def Info: parts//../graphics/perde.png  used on input line 39.
(pdftex.def)             Requested size: 270.86905pt x 203.14125pt.

LaTeX Warning: `h' float specifier changed to `ht'.


Package hyperref Warning: Token not allowed in a PDF string (Unicode):
(hyperref)                removing `math shift' on input line 76.


Package hyperref Warning: Token not allowed in a PDF string (Unicode):
(hyperref)                removing `math shift' on input line 76.

[7 <./parts//../graphics/perde.png (PNG copy)>]
<parts//../graphics/peq.png, id=201, 1284.8pt x 963.6pt>
File: parts//../graphics/peq.png Graphic file (type png)
<use parts//../graphics/peq.png>
Package pdftex.def Info: parts//../graphics/peq.png  used on input line 95.
(pdftex.def)             Requested size: 270.86905pt x 203.14125pt.
 [8 <./parts//../graphics/peq.png (PNG copy)>]) [9] (main.aux)
Package rerunfilecheck Info: File `main.out' has not changed.
(rerunfilecheck)             Checksum: 92A3CAE1935B70DD4B459884F40FB4D0;1964.
Package logreq Info: Writing requests to 'main.run.xml'.
\openout1 = `main.run.xml'.

 ) 
Here is how much of TeX's memory you used:
 39377 strings out of 481270
 711833 string characters out of 2908786
 1598382 words of memory out of 3000000
 55767 multiletter control sequences out of 15000+200000
 416351 words of font info for 55 fonts, out of 3000000 for 9000
 2 hyphenation exceptions out of 8191
 126i,11n,145p,1195b,2339s stack positions out of 5000i,500n,10000p,200000b,50000s
pdfTeX warning (dest): name{cite.0@henze} has been referenced but does not ex
ist, replaced by a fixed one

 </home/liam/.miktex/texmfs/data/fonts/pk/ljfour/jknappen/ec/dpi600/ecbx1200.pk
> </home/liam/.miktex/texmfs/data/fonts/pk/ljfour/jknappen/ec/dpi600/ecbx1000.p
k> </home/liam/.miktex/texmfs/data/fonts/pk/ljfour/jknappen/ec/dpi600/ecrm0900.
pk> </home/liam/.miktex/texmfs/data/fonts/pk/ljfour/jknappen/ec/dpi600/ecbx0900
.pk> </home/liam/.miktex/texmfs/data/fonts/pk/ljfour/jknappen/ec/dpi600/ecrm144
0.pk> </home/liam/.miktex/texmfs/data/fonts/pk/ljfour/jknappen/ec/dpi600/ecbx14
40.pk> </home/liam/.miktex/texmfs/data/fonts/pk/ljfour/jknappen/ec/dpi600/ecrm1
000.pk> </home/liam/.miktex/texmfs/data/fonts/pk/ljfour/jknappen/ec/dpi600/ecrm
1728.pk></home/liam/.miktex/texmfs/install/fonts/type1/public/amsfonts/cm/cmbsy
10.pfb></home/liam/.miktex/texmfs/install/fonts/type1/public/amsfonts/cm/cmbx10
.pfb></home/liam/.miktex/texmfs/install/fonts/type1/public/amsfonts/cm/cmex10.p
fb></home/liam/.miktex/texmfs/install/fonts/type1/public/amsfonts/cm/cmmi10.pfb
></home/liam/.miktex/texmfs/install/fonts/type1/public/amsfonts/cm/cmmi5.pfb></
home/liam/.miktex/texmfs/install/fonts/type1/public/amsfonts/cm/cmmi7.pfb></hom
e/liam/.miktex/texmfs/install/fonts/type1/public/amsfonts/cm/cmmib10.pfb></home
/liam/.miktex/texmfs/install/fonts/type1/public/amsfonts/cm/cmr10.pfb></home/li
am/.miktex/texmfs/install/fonts/type1/public/amsfonts/cm/cmr5.pfb></home/liam/.
miktex/texmfs/install/fonts/type1/public/amsfonts/cm/cmr7.pfb></home/liam/.mikt
ex/texmfs/install/fonts/type1/public/amsfonts/cm/cmsy10.pfb></home/liam/.miktex
/texmfs/install/fonts/type1/public/amsfonts/cm/cmsy5.pfb></home/liam/.miktex/te
xmfs/install/fonts/type1/public/amsfonts/cm/cmsy7.pfb></home/liam/.miktex/texmf
s/install/fonts/type1/public/amsfonts/symbols/msbm10.pfb>
Output written on main.pdf (12 pages, 476919 bytes).
PDF statistics:
 573 PDF objects out of 1000 (max. 8388607)
 65 named destinations out of 1000 (max. 500000)
 228 words of extra memory for PDF output out of 10000 (max. 10000000)

